<?xml version="1.0" encoding="UTF-8"?>
<testsuite xmlns:xsi="http://www.w3.org/2001/XMLSchema-instance" xsi:noNamespaceSchemaLocation="https://maven.apache.org/surefire/maven-surefire-plugin/xsd/surefire-test-report.xsd" name="no.ntnu.idata2302.lab03.RecursiveListTest" time="0" tests="13" errors="0" skipped="0" failures="0">
  <properties>
[...]
</properties>
  <testcase name="appendAddsAnItemAtTheBack" classname="no.ntnu.idata2302.lab03.RecursiveListTest" time="0"/>
  <testcase name="searchReturnsZeroWhenNotFound" classname="no.ntnu.idata2302.lab03.RecursiveListTest" time="0"/>
  <testcase name="getRejectsIndexBeyondLength" classname="no.ntnu.idata2302.lab03.RecursiveListTest" time="0"/>
  <testcase name="insertShiftsOnlySubsequentItemsTowardsTheEnd" classname="no.ntnu.idata2302.lab03.RecursiveListTest" time="0"/>
  <testcase name="getRejectsZeroIndex" classname="no.ntnu.idata2302.lab03.RecursiveListTest" time="0"/>
  <testcase name="emptySequenceHasLengthZero" classname="no.ntnu.idata2302.lab03.RecursiveListTest" time="0"/>
  <testcase name="setUpdateItemByIndex" classname="no.ntnu.idata2302.lab03.RecursiveListTest" time="0"/>
  <testcase name="appendingFromScratchShouldBuildaList" classname="no.ntnu.idata2302.lab03.RecursiveListTest" time="0"/>
  <testcase name="removeShiftsOnlySubsequentItemsTowardsTheFront" classname="no.ntnu.idata2302.lab03.RecursiveListTest" time="0"/>
  <testcase name="prependingFromScratchShouldReverseTheList" classname="no.ntnu.idata2302.lab03.RecursiveListTest" time="0"/>
  <testcase name="insertIncreaseLengthByOne" classname="no.ntnu.idata2302.lab03.RecursiveListTest" time="0"/>
  <testcase name="searchReturnsAnIndexWhereItemIs" classname="no.ntnu.idata2302.lab03.RecursiveListTest" time="0"/>
  <testcase name="getReturnsTheItemAtIndex" classname="no.ntnu.idata2302.lab03.RecursiveListTest" time="0"/>
</testsuite>